-Xajruntimetarget:1.5
-Xlint:ignore
-1.9
-encoding
UTF-8
-showWeaveInfo
-source
1.9
-target
1.9
-verbose
-classpath
C:\Users\cdsl\.m2\repository\org\aspectj\aspectjrt\1.9.20\aspectjrt-1.9.20.jar;C:\Users\cdsl\.m2\repository\org\aspectj\aspectjweaver\1.9.20\aspectjweaver-1.9.20.jar;C:\Users\cdsl\Desktop\Programming\java\learnaspectj\target\classes
-d
C:\Users\cdsl\Desktop\Programming\java\learnaspectj\target\classes
-s
C:\Users\cdsl\Desktop\Programming\java\learnaspectj\target\generated-sources\aspectj-maven-plugin
C:\Users\cdsl\Desktop\Programming\java\learnaspectj\src\main\java\com\aop\aspects\ProfilingAspect.java
C:\Users\cdsl\Desktop\Programming\java\learnaspectj\src\main\java\com\aop\aspects\SecurityAspect.java
C:\Users\cdsl\Desktop\Programming\java\learnaspectj\src\main\java\com\aop\aspects\SecurityAspect1.java
C:\Users\cdsl\Desktop\Programming\java\learnaspectj\src\main\java\com\aop\Authenticator.java
C:\Users\cdsl\Desktop\Programming\java\learnaspectj\src\main\java\com\aop\Main.java
C:\Users\cdsl\Desktop\Programming\java\learnaspectj\src\main\java\com\aop\MessageCommunicator.java
C:\Users\cdsl\Desktop\Programming\java\learnaspectj\src\main\java\com\aop\ProfilingAspect.java
